This is pdfTeX, Version 3.14159265-2.6-1.40.17 (TeX Live 2016/Arch Linux) (preloaded format=pdflatex 2016.10.12)  1 DEC 2016 22:05
entering extended mode
 restricted \write18 enabled.
 %&-line parsing enabled.
**report.tex
(./report.tex
LaTeX2e <2016/03/31> patch level 3
Babel <3.9r> and hyphenation patterns for 83 language(s) loaded.
(/usr/share/texmf-dist/tex/latex/base/report.cls
Document Class: report 2014/09/29 v1.4h Standard LaTeX document class
(/usr/share/texmf-dist/tex/latex/base/size12.clo
File: size12.clo 2014/09/29 v1.4h Standard LaTeX file (size option)
)
\c@part=\count79
\c@chapter=\count80
\c@section=\count81
\c@subsection=\count82
\c@subsubsection=\count83
\c@paragraph=\count84
\c@subparagraph=\count85
\c@figure=\count86
\c@table=\count87
\abovecaptionskip=\skip41
\belowcaptionskip=\skip42
\bibindent=\dimen102
)
(/usr/share/texmf-dist/tex/latex/base/fontenc.sty
Package: fontenc 2016/06/19 v1.99m Standard LaTeX package

(/usr/share/texmf-dist/tex/latex/base/t1enc.def
File: t1enc.def 2016/06/19 v1.99m Standard LaTeX file
LaTeX Font Info:    Redeclaring font encoding T1 on input line 48.
))
(/usr/share/texmf-dist/tex/generic/babel/babel.sty
Package: babel 2016/04/23 3.9r The Babel package

(/usr/share/texmf-dist/tex/generic/babel-english/english.ldf
Language: english 2012/08/20 v3.3p English support from the babel system

(/usr/share/texmf-dist/tex/generic/babel/babel.def
File: babel.def 2016/04/23 3.9r Babel common definitions
\babel@savecnt=\count88
\U@D=\dimen103
)
\l@canadian = a dialect from \language\l@american 
\l@australian = a dialect from \language\l@british 
\l@newzealand = a dialect from \language\l@british 
))
(/usr/share/texmf-dist/tex/latex/base/makeidx.sty
Package: makeidx 2014/09/29 v1.0m Standard LaTeX package
)
(/usr/share/texmf-dist/tex/latex/amsmath/amsmath.sty
Package: amsmath 2016/06/28 v2.15d AMS math features
\@mathmargin=\skip43

For additional information on amsmath, use the `?' option.
(/usr/share/texmf-dist/tex/latex/amsmath/amstext.sty
Package: amstext 2000/06/29 v2.01 AMS text

(/usr/share/texmf-dist/tex/latex/amsmath/amsgen.sty
File: amsgen.sty 1999/11/30 v2.0 generic functions
\@emptytoks=\toks14
\ex@=\dimen104
))
(/usr/share/texmf-dist/tex/latex/amsmath/amsbsy.sty
Package: amsbsy 1999/11/29 v1.2d Bold Symbols
\pmbraise@=\dimen105
)
(/usr/share/texmf-dist/tex/latex/amsmath/amsopn.sty
Package: amsopn 2016/03/08 v2.02 operator names
)
\inf@bad=\count89
LaTeX Info: Redefining \frac on input line 199.
\uproot@=\count90
\leftroot@=\count91
LaTeX Info: Redefining \overline on input line 297.
\classnum@=\count92
\DOTSCASE@=\count93
LaTeX Info: Redefining \ldots on input line 394.
LaTeX Info: Redefining \dots on input line 397.
LaTeX Info: Redefining \cdots on input line 518.
\Mathstrutbox@=\box26
\strutbox@=\box27
\big@size=\dimen106
LaTeX Font Info:    Redeclaring font encoding OML on input line 634.
LaTeX Font Info:    Redeclaring font encoding OMS on input line 635.
\macc@depth=\count94
\c@MaxMatrixCols=\count95
\dotsspace@=\muskip10
\c@parentequation=\count96
\dspbrk@lvl=\count97
\tag@help=\toks15
\row@=\count98
\column@=\count99
\maxfields@=\count100
\andhelp@=\toks16
\eqnshift@=\dimen107
\alignsep@=\dimen108
\tagshift@=\dimen109
\tagwidth@=\dimen110
\totwidth@=\dimen111
\lineht@=\dimen112
\@envbody=\toks17
\multlinegap=\skip44
\multlinetaggap=\skip45
\mathdisplay@stack=\toks18
LaTeX Info: Redefining \[ on input line 2739.
LaTeX Info: Redefining \] on input line 2740.
)
(/usr/share/texmf-dist/tex/latex/amsfonts/amsfonts.sty
Package: amsfonts 2013/01/14 v3.01 Basic AMSFonts support
\symAMSa=\mathgroup4
\symAMSb=\mathgroup5
LaTeX Font Info:    Overwriting math alphabet `\mathfrak' in version `bold'
(Font)                  U/euf/m/n --> U/euf/b/n on input line 106.
)
(/usr/share/texmf-dist/tex/latex/tools/multicol.sty
Package: multicol 2016/04/07 v1.8p multicolumn formatting (FMi)
\c@tracingmulticols=\count101
\mult@box=\box28
\multicol@leftmargin=\dimen113
\c@unbalance=\count102
\c@collectmore=\count103
\doublecol@number=\count104
\multicoltolerance=\count105
\multicolpretolerance=\count106
\full@width=\dimen114
\page@free=\dimen115
\premulticols=\dimen116
\postmulticols=\dimen117
\multicolsep=\skip46
\multicolbaselineskip=\skip47
\partial@page=\box29
\last@line=\box30
\maxbalancingoverflow=\dimen118
\mult@rightbox=\box31
\mult@grightbox=\box32
\mult@gfirstbox=\box33
\mult@firstbox=\box34
\@tempa=\box35
\@tempa=\box36
\@tempa=\box37
\@tempa=\box38
\@tempa=\box39
\@tempa=\box40
\@tempa=\box41
\@tempa=\box42
\@tempa=\box43
\@tempa=\box44
\@tempa=\box45
\@tempa=\box46
\@tempa=\box47
\@tempa=\box48
\@tempa=\box49
\@tempa=\box50
\@tempa=\box51
\c@columnbadness=\count107
\c@finalcolumnbadness=\count108
\last@try=\dimen119
\multicolovershoot=\dimen120
\multicolundershoot=\dimen121
\mult@nat@firstbox=\box52
\colbreak@box=\box53
\mc@col@check@num=\count109
)
(/usr/share/texmf-dist/tex/latex/float/float.sty
Package: float 2001/11/08 v1.3d Float enhancements (AL)
\c@float@type=\count110
\float@exts=\toks19
\float@box=\box54
\@float@everytoks=\toks20
\@floatcapt=\box55
)
(/usr/share/texmf-dist/tex/latex/caption/caption.sty
Package: caption 2016/02/21 v3.3-144 Customizing captions (AR)

(/usr/share/texmf-dist/tex/latex/caption/caption3.sty
Package: caption3 2016/05/22 v1.7-166 caption3 kernel (AR)
Package caption3 Info: TeX engine: e-TeX on input line 67.

(/usr/share/texmf-dist/tex/latex/graphics/keyval.sty
Package: keyval 2014/10/28 v1.15 key=value parser (DPC)
\KV@toks@=\toks21
)
\captionmargin=\dimen122
\captionmargin@=\dimen123
\captionwidth=\dimen124
\caption@tempdima=\dimen125
\caption@indent=\dimen126
\caption@parindent=\dimen127
\caption@hangindent=\dimen128
)
\c@ContinuedFloat=\count111
Package caption Info: float package is loaded.
)
(/usr/share/texmf-dist/tex/latex/base/textcomp.sty
Package: textcomp 2016/06/19 v1.99m Standard LaTeX package
Package textcomp Info: Sub-encoding information:
(textcomp)               5 = only ISO-Adobe without \textcurrency
(textcomp)               4 = 5 + \texteuro
(textcomp)               3 = 4 + \textohm
(textcomp)               2 = 3 + \textestimated + \textcurrency
(textcomp)               1 = TS1 - \textcircled - \t
(textcomp)               0 = TS1 (full)
(textcomp)             Font families with sub-encoding setting implement
(textcomp)             only a restricted character set as indicated.
(textcomp)             Family '?' is the default used for unknown fonts.
(textcomp)             See the documentation for details.
Package textcomp Info: Setting ? sub-encoding to TS1/1 on input line 79.

(/usr/share/texmf-dist/tex/latex/base/ts1enc.def
File: ts1enc.def 2001/06/05 v3.0e (jk/car/fm) Standard LaTeX file
)
LaTeX Info: Redefining \oldstylenums on input line 334.
Package textcomp Info: Setting cmr sub-encoding to TS1/0 on input line 349.
Package textcomp Info: Setting cmss sub-encoding to TS1/0 on input line 350.
Package textcomp Info: Setting cmtt sub-encoding to TS1/0 on input line 351.
Package textcomp Info: Setting cmvtt sub-encoding to TS1/0 on input line 352.
Package textcomp Info: Setting cmbr sub-encoding to TS1/0 on input line 353.
Package textcomp Info: Setting cmtl sub-encoding to TS1/0 on input line 354.
Package textcomp Info: Setting ccr sub-encoding to TS1/0 on input line 355.
Package textcomp Info: Setting ptm sub-encoding to TS1/4 on input line 356.
Package textcomp Info: Setting pcr sub-encoding to TS1/4 on input line 357.
Package textcomp Info: Setting phv sub-encoding to TS1/4 on input line 358.
Package textcomp Info: Setting ppl sub-encoding to TS1/3 on input line 359.
Package textcomp Info: Setting pag sub-encoding to TS1/4 on input line 360.
Package textcomp Info: Setting pbk sub-encoding to TS1/4 on input line 361.
Package textcomp Info: Setting pnc sub-encoding to TS1/4 on input line 362.
Package textcomp Info: Setting pzc sub-encoding to TS1/4 on input line 363.
Package textcomp Info: Setting bch sub-encoding to TS1/4 on input line 364.
Package textcomp Info: Setting put sub-encoding to TS1/5 on input line 365.
Package textcomp Info: Setting uag sub-encoding to TS1/5 on input line 366.
Package textcomp Info: Setting ugq sub-encoding to TS1/5 on input line 367.
Package textcomp Info: Setting ul8 sub-encoding to TS1/4 on input line 368.
Package textcomp Info: Setting ul9 sub-encoding to TS1/4 on input line 369.
Package textcomp Info: Setting augie sub-encoding to TS1/5 on input line 370.
Package textcomp Info: Setting dayrom sub-encoding to TS1/3 on input line 371.
Package textcomp Info: Setting dayroms sub-encoding to TS1/3 on input line 372.

Package textcomp Info: Setting pxr sub-encoding to TS1/0 on input line 373.
Package textcomp Info: Setting pxss sub-encoding to TS1/0 on input line 374.
Package textcomp Info: Setting pxtt sub-encoding to TS1/0 on input line 375.
Package textcomp Info: Setting txr sub-encoding to TS1/0 on input line 376.
Package textcomp Info: Setting txss sub-encoding to TS1/0 on input line 377.
Package textcomp Info: Setting txtt sub-encoding to TS1/0 on input line 378.
Package textcomp Info: Setting lmr sub-encoding to TS1/0 on input line 379.
Package textcomp Info: Setting lmdh sub-encoding to TS1/0 on input line 380.
Package textcomp Info: Setting lmss sub-encoding to TS1/0 on input line 381.
Package textcomp Info: Setting lmssq sub-encoding to TS1/0 on input line 382.
Package textcomp Info: Setting lmvtt sub-encoding to TS1/0 on input line 383.
Package textcomp Info: Setting lmtt sub-encoding to TS1/0 on input line 384.
Package textcomp Info: Setting qhv sub-encoding to TS1/0 on input line 385.
Package textcomp Info: Setting qag sub-encoding to TS1/0 on input line 386.
Package textcomp Info: Setting qbk sub-encoding to TS1/0 on input line 387.
Package textcomp Info: Setting qcr sub-encoding to TS1/0 on input line 388.
Package textcomp Info: Setting qcs sub-encoding to TS1/0 on input line 389.
Package textcomp Info: Setting qpl sub-encoding to TS1/0 on input line 390.
Package textcomp Info: Setting qtm sub-encoding to TS1/0 on input line 391.
Package textcomp Info: Setting qzc sub-encoding to TS1/0 on input line 392.
Package textcomp Info: Setting qhvc sub-encoding to TS1/0 on input line 393.
Package textcomp Info: Setting futs sub-encoding to TS1/4 on input line 394.
Package textcomp Info: Setting futx sub-encoding to TS1/4 on input line 395.
Package textcomp Info: Setting futj sub-encoding to TS1/4 on input line 396.
Package textcomp Info: Setting hlh sub-encoding to TS1/3 on input line 397.
Package textcomp Info: Setting hls sub-encoding to TS1/3 on input line 398.
Package textcomp Info: Setting hlst sub-encoding to TS1/3 on input line 399.
Package textcomp Info: Setting hlct sub-encoding to TS1/5 on input line 400.
Package textcomp Info: Setting hlx sub-encoding to TS1/5 on input line 401.
Package textcomp Info: Setting hlce sub-encoding to TS1/5 on input line 402.
Package textcomp Info: Setting hlcn sub-encoding to TS1/5 on input line 403.
Package textcomp Info: Setting hlcw sub-encoding to TS1/5 on input line 404.
Package textcomp Info: Setting hlcf sub-encoding to TS1/5 on input line 405.
Package textcomp Info: Setting pplx sub-encoding to TS1/3 on input line 406.
Package textcomp Info: Setting pplj sub-encoding to TS1/3 on input line 407.
Package textcomp Info: Setting ptmx sub-encoding to TS1/4 on input line 408.
Package textcomp Info: Setting ptmj sub-encoding to TS1/4 on input line 409.
)
(/usr/share/texmf-dist/tex/latex/graphics/graphicx.sty
Package: graphicx 2014/10/28 v1.0g Enhanced LaTeX Graphics (DPC,SPQR)

(/usr/share/texmf-dist/tex/latex/graphics/graphics.sty
Package: graphics 2016/07/10 v1.0t Standard LaTeX Graphics (DPC,SPQR)

(/usr/share/texmf-dist/tex/latex/graphics/trig.sty
Package: trig 2016/01/03 v1.10 sin cos tan (DPC)
)
(/usr/share/texmf-dist/tex/latex/graphics-cfg/graphics.cfg
File: graphics.cfg 2016/06/04 v1.11 sample graphics configuration
)
Package graphics Info: Driver file: pdftex.def on input line 99.

(/usr/share/texmf-dist/tex/latex/graphics-def/pdftex.def
File: pdftex.def 2016/07/10 v0.06j Graphics/color for pdfTeX

(/usr/share/texmf-dist/tex/generic/oberdiek/infwarerr.sty
Package: infwarerr 2016/05/16 v1.4 Providing info/warning/error messages (HO)
)
(/usr/share/texmf-dist/tex/generic/oberdiek/ltxcmds.sty
Package: ltxcmds 2016/05/16 v1.23 LaTeX kernel commands for general use (HO)
)
\Gread@gobject=\count112
))
\Gin@req@height=\dimen129
\Gin@req@width=\dimen130
)
(/usr/share/texmf-dist/tex/latex/hyperref/hyperref.sty
Package: hyperref 2016/06/24 v6.83q Hypertext links for LaTeX

(/usr/share/texmf-dist/tex/generic/oberdiek/hobsub-hyperref.sty
Package: hobsub-hyperref 2016/05/16 v1.14 Bundle oberdiek, subset hyperref (HO)


(/usr/share/texmf-dist/tex/generic/oberdiek/hobsub-generic.sty
Package: hobsub-generic 2016/05/16 v1.14 Bundle oberdiek, subset generic (HO)
Package: hobsub 2016/05/16 v1.14 Construct package bundles (HO)
Package hobsub Info: Skipping package `infwarerr' (already loaded).
Package hobsub Info: Skipping package `ltxcmds' (already loaded).
Package: ifluatex 2016/05/16 v1.4 Provides the ifluatex switch (HO)
Package ifluatex Info: LuaTeX not detected.
Package: ifvtex 2016/05/16 v1.6 Detect VTeX and its facilities (HO)
Package ifvtex Info: VTeX not detected.
Package: intcalc 2016/05/16 v1.2 Expandable calculations with integers (HO)
Package: ifpdf 2016/05/14 v3.1 Provides the ifpdf switch
Package: etexcmds 2016/05/16 v1.6 Avoid name clashes with e-TeX commands (HO)
Package etexcmds Info: Could not find \expanded.
(etexcmds)             That can mean that you are not using pdfTeX 1.50 or
(etexcmds)             that some package has redefined \expanded.
(etexcmds)             In the latter case, load this package earlier.
Package: kvsetkeys 2016/05/16 v1.17 Key value parser (HO)
Package: kvdefinekeys 2016/05/16 v1.4 Define keys (HO)
Package: pdftexcmds 2016/05/21 v0.22 Utility functions of pdfTeX for LuaTeX (HO
)
Package pdftexcmds Info: LuaTeX not detected.
Package pdftexcmds Info: \pdf@primitive is available.
Package pdftexcmds Info: \pdf@ifprimitive is available.
Package pdftexcmds Info: \pdfdraftmode found.
Package: pdfescape 2016/05/16 v1.14 Implements pdfTeX's escape features (HO)
Package: bigintcalc 2016/05/16 v1.4 Expandable calculations on big integers (HO
)
Package: bitset 2016/05/16 v1.2 Handle bit-vector datatype (HO)
Package: uniquecounter 2016/05/16 v1.3 Provide unlimited unique counter (HO)
)
Package hobsub Info: Skipping package `hobsub' (already loaded).
Package: letltxmacro 2016/05/16 v1.5 Let assignment for LaTeX macros (HO)
Package: hopatch 2016/05/16 v1.3 Wrapper for package hooks (HO)
Package: xcolor-patch 2016/05/16 xcolor patch
Package: atveryend 2016/05/16 v1.9 Hooks at the very end of document (HO)
Package atveryend Info: \enddocument detected (standard20110627).
Package: atbegshi 2016/06/09 v1.18 At begin shipout hook (HO)
Package: refcount 2016/05/16 v3.5 Data extraction from label references (HO)
Package: hycolor 2016/05/16 v1.8 Color options for hyperref/bookmark (HO)
)
(/usr/share/texmf-dist/tex/generic/ifxetex/ifxetex.sty
Package: ifxetex 2010/09/12 v0.6 Provides ifxetex conditional
)
(/usr/share/texmf-dist/tex/latex/oberdiek/auxhook.sty
Package: auxhook 2016/05/16 v1.4 Hooks for auxiliary files (HO)
)
(/usr/share/texmf-dist/tex/latex/oberdiek/kvoptions.sty
Package: kvoptions 2016/05/16 v3.12 Key value format for package options (HO)
)
\@linkdim=\dimen131
\Hy@linkcounter=\count113
\Hy@pagecounter=\count114

(/usr/share/texmf-dist/tex/latex/hyperref/pd1enc.def
File: pd1enc.def 2016/06/24 v6.83q Hyperref: PDFDocEncoding definition (HO)
)
\Hy@SavedSpaceFactor=\count115

(/usr/share/texmf-dist/tex/latex/latexconfig/hyperref.cfg
File: hyperref.cfg 2002/06/06 v1.2 hyperref configuration of TeXLive
)
Package hyperref Info: Option `colorlinks' set `true' on input line 4362.
Package hyperref Info: Hyper figures OFF on input line 4486.
Package hyperref Info: Link nesting OFF on input line 4491.
Package hyperref Info: Hyper index ON on input line 4494.
Package hyperref Info: Plain pages OFF on input line 4501.
Package hyperref Info: Backreferencing OFF on input line 4506.
Package hyperref Info: Implicit mode ON; LaTeX internals redefined.
Package hyperref Info: Bookmarks ON on input line 4735.
\c@Hy@tempcnt=\count116

(/usr/share/texmf-dist/tex/latex/url/url.sty
\Urlmuskip=\muskip11
Package: url 2013/09/16  ver 3.4  Verb mode for urls, etc.
)
LaTeX Info: Redefining \url on input line 5088.
\XeTeXLinkMargin=\dimen132
\Fld@menulength=\count117
\Field@Width=\dimen133
\Fld@charsize=\dimen134
Package hyperref Info: Hyper figures OFF on input line 6342.
Package hyperref Info: Link nesting OFF on input line 6347.
Package hyperref Info: Hyper index ON on input line 6350.
Package hyperref Info: backreferencing OFF on input line 6357.
Package hyperref Info: Link coloring ON on input line 6360.
Package hyperref Info: Link coloring with OCG OFF on input line 6367.
Package hyperref Info: PDF/A mode OFF on input line 6372.
LaTeX Info: Redefining \ref on input line 6412.
LaTeX Info: Redefining \pageref on input line 6416.
\Hy@abspage=\count118
\c@Item=\count119
\c@Hfootnote=\count120
)

Package hyperref Message: Driver (autodetected): hpdftex.

(/usr/share/texmf-dist/tex/latex/hyperref/hpdftex.def
File: hpdftex.def 2016/06/24 v6.83q Hyperref driver for pdfTeX
\Fld@listcount=\count121
\c@bookmark@seq@number=\count122

(/usr/share/texmf-dist/tex/latex/oberdiek/rerunfilecheck.sty
Package: rerunfilecheck 2016/05/16 v1.8 Rerun checks for auxiliary files (HO)
Package uniquecounter Info: New unique counter `rerunfilecheck' on input line 2
82.
)
\Hy@SectionHShift=\skip48
)
(/usr/share/texmf-dist/tex/latex/geometry/geometry.sty
Package: geometry 2010/09/12 v5.6 Page Geometry
\Gm@cnth=\count123
\Gm@cntv=\count124
\c@Gm@tempcnt=\count125
\Gm@bindingoffset=\dimen135
\Gm@wd@mp=\dimen136
\Gm@odd@mp=\dimen137
\Gm@even@mp=\dimen138
\Gm@layoutwidth=\dimen139
\Gm@layoutheight=\dimen140
\Gm@layouthoffset=\dimen141
\Gm@layoutvoffset=\dimen142
\Gm@dimlist=\toks22
)
(/usr/share/texmf-dist/tex/latex/algorithms/algorithm.sty
Package: algorithm 2009/08/24 v0.1 Document Style `algorithm' - floating enviro
nment

(/usr/share/texmf-dist/tex/latex/base/ifthen.sty
Package: ifthen 2014/09/29 v1.1c Standard LaTeX ifthen package (DPC)
)
\@float@every@algorithm=\toks23
\c@algorithm=\count126
)
(/usr/local/share/texmf/tex/latex/algorithmicx/algpseudocode.sty
Package: algpseudocode 

(/usr/local/share/texmf/tex/latex/algorithmicx/algorithmicx.sty
Package: algorithmicx 2005/04/27 v1.2 Algorithmicx

Document Style algorithmicx 1.2 - a greatly improved `algorithmic' style
\c@ALG@line=\count127
\c@ALG@rem=\count128
\c@ALG@nested=\count129
\ALG@tlm=\skip49
\ALG@thistlm=\skip50
\c@ALG@Lnr=\count130
\c@ALG@blocknr=\count131
\c@ALG@storecount=\count132
\c@ALG@tmpcounter=\count133
\ALG@tmplength=\skip51
)
Document Style - pseudocode environments for use with the `algorithmicx' style
)
\trianglerightwidth=\skip52
LaTeX Font Info:    Try loading font information for U+msa on input line 42.
 (/usr/share/texmf-dist/tex/latex/amsfonts/umsa.fd
File: umsa.fd 2013/01/14 v3.01 AMS symbols A
)
LaTeX Font Info:    Try loading font information for U+msb on input line 42.

(/usr/share/texmf-dist/tex/latex/amsfonts/umsb.fd
File: umsb.fd 2013/01/14 v3.01 AMS symbols B
) (./report.aux

LaTeX Warning: Label `sec:turb' multiply defined.


LaTeX Warning: Label `eq:turb' multiply defined.


LaTeX Warning: Label `eq:turbend' multiply defined.


LaTeX Warning: Label `tab:sdp' multiply defined.


LaTeX Warning: Label `fig:subturbbex' multiply defined.


LaTeX Warning: Label `fig:subturbtb' multiply defined.


LaTeX Warning: Label `fig:subratturb' multiply defined.


LaTeX Warning: Label `fig:submusratturb' multiply defined.

)
\openout1 = `report.aux'.

LaTeX Font Info:    Checking defaults for OML/cmm/m/it on input line 51.
LaTeX Font Info:    ... okay on input line 51.
LaTeX Font Info:    Checking defaults for T1/cmr/m/n on input line 51.
LaTeX Font Info:    ... okay on input line 51.
LaTeX Font Info:    Checking defaults for OT1/cmr/m/n on input line 51.
LaTeX Font Info:    ... okay on input line 51.
LaTeX Font Info:    Checking defaults for OMS/cmsy/m/n on input line 51.
LaTeX Font Info:    ... okay on input line 51.
LaTeX Font Info:    Checking defaults for OMX/cmex/m/n on input line 51.
LaTeX Font Info:    ... okay on input line 51.
LaTeX Font Info:    Checking defaults for U/cmr/m/n on input line 51.
LaTeX Font Info:    ... okay on input line 51.
LaTeX Font Info:    Checking defaults for TS1/cmr/m/n on input line 51.
LaTeX Font Info:    Try loading font information for TS1+cmr on input line 51.
 (/usr/share/texmf-dist/tex/latex/base/ts1cmr.fd
File: ts1cmr.fd 2014/09/29 v2.5h Standard LaTeX font definitions
)
LaTeX Font Info:    ... okay on input line 51.
LaTeX Font Info:    Checking defaults for PD1/pdf/m/n on input line 51.
LaTeX Font Info:    ... okay on input line 51.
Package caption Info: Begin \AtBeginDocument code.
Package caption Info: hyperref package is loaded.
Package caption Info: End \AtBeginDocument code.

(/usr/share/texmf-dist/tex/context/base/mkii/supp-pdf.mkii
[Loading MPS to PDF converter (version 2006.09.02).]
\scratchcounter=\count134
\scratchdimen=\dimen143
\scratchbox=\box56
\nofMPsegments=\count135
\nofMParguments=\count136
\everyMPshowfont=\toks24
\MPscratchCnt=\count137
\MPscratchDim=\dimen144
\MPnumerator=\count138
\makeMPintoPDFobject=\count139
\everyMPtoPDFconversion=\toks25
) (/usr/share/texmf-dist/tex/latex/oberdiek/epstopdf-base.sty
Package: epstopdf-base 2016/05/15 v2.6 Base part for package epstopdf

(/usr/share/texmf-dist/tex/latex/oberdiek/grfext.sty
Package: grfext 2016/05/16 v1.2 Manage graphics extensions (HO)
)
Package epstopdf-base Info: Redefining graphics rule for `.eps' on input line 4
38.
Package grfext Info: Graphics extension search list:
(grfext)             [.png,.pdf,.jpg,.mps,.jpeg,.jbig2,.jb2,.PNG,.PDF,.JPG,.JPE
G,.JBIG2,.JB2,.eps]
(grfext)             \AppendGraphicsExtensions on input line 456.

(/usr/share/texmf-dist/tex/latex/latexconfig/epstopdf-sys.cfg
File: epstopdf-sys.cfg 2010/07/13 v1.3 Configuration of (r)epstopdf for TeX Liv
e
))
\AtBeginShipoutBox=\box57

(/usr/share/texmf-dist/tex/latex/graphics/color.sty
Package: color 2016/07/10 v1.1e Standard LaTeX Color (DPC)

(/usr/share/texmf-dist/tex/latex/graphics-cfg/color.cfg
File: color.cfg 2016/01/02 v1.6 sample color configuration
)
Package color Info: Driver file: pdftex.def on input line 147.
)
Package hyperref Info: Link coloring ON on input line 51.

(/usr/share/texmf-dist/tex/latex/hyperref/nameref.sty
Package: nameref 2016/05/21 v2.44 Cross-referencing by name of section

(/usr/share/texmf-dist/tex/generic/oberdiek/gettitlestring.sty
Package: gettitlestring 2016/05/16 v1.5 Cleanup title references (HO)
)
\c@section@level=\count140
)
LaTeX Info: Redefining \ref on input line 51.
LaTeX Info: Redefining \pageref on input line 51.
LaTeX Info: Redefining \nameref on input line 51.
 (./report.out) (./report.out)
\@outlinefile=\write3
\openout3 = `report.out'.


*geometry* driver: auto-detecting
*geometry* detected driver: pdftex
*geometry* verbose mode - [ preamble ] result:
* driver: pdftex
* paper: a4paper
* layout: <same size as paper>
* layoutoffset:(h,v)=(0.0pt,0.0pt)
* modes: 
* h-part:(L,W,R)=(56.9055pt, 483.69687pt, 56.9055pt)
* v-part:(T,H,B)=(56.9055pt, 731.23584pt, 56.9055pt)
* \paperwidth=597.50787pt
* \paperheight=845.04684pt
* \textwidth=483.69687pt
* \textheight=731.23584pt
* \oddsidemargin=-15.36449pt
* \evensidemargin=-15.36449pt
* \topmargin=-52.36449pt
* \headheight=12.0pt
* \headsep=25.0pt
* \topskip=12.0pt
* \footskip=30.0pt
* \marginparwidth=44.0pt
* \marginparsep=10.0pt
* \columnsep=10.0pt
* \skip\footins=10.8pt plus 4.0pt minus 2.0pt
* \hoffset=0.0pt
* \voffset=0.0pt
* \mag=1000
* \@twocolumnfalse
* \@twosidefalse
* \@mparswitchfalse
* \@reversemarginfalse
* (1in=72.27pt=25.4mm, 1cm=28.453pt)

[1

{/var/lib/texmf/fonts/map/pdftex/updmap/pdftex.map}]pdfTeX warning (ext4): dest
ination with the same identifier (name{page.1}) has been already used, duplicat
e ignored
<to be read again> 
                   \relax 
l.56 \end{abstract}
                    [1]
Chapter 1.

Package hyperref Warning: Difference (2) between bookmark levels is greater 
(hyperref)                than one, level fixed on input line 67.

pdfTeX warning (ext4): destination with the same identifier (name{page.1}) has 
been already used, duplicate ignored
<to be read again> 
                   \relax 
l.111 I
       n an ideal world we would have closed carbon cycles. That which we pr...
[1

] <human_population_curve.png, id=146, 441.65pt x 260.975pt>
File: human_population_curve.png Graphic file (type png)

<use human_population_curve.png>
Package pdftex.def Info: human_population_curve.png used on input line 117.
(pdftex.def)             Requested size: 227.62204pt x 134.50517pt.
 [2 <./human_population_curve.png>]
Chapter 2.
[3

]pdfTeX warning (ext4): destination with the same identifier (name{page.1}) has
 been already used, duplicate ignored
<to be read again> 
                   \relax 
l.152 \end{abstract}
                     [1]pdfTeX warning (ext4): destination with the same identi
fier (name{page.1}) has been already used, duplicate ignored
<to be read again> 
                   \relax 
l.180 \item I
             f cell still grows and produces compound, return set of genes
[1]

LaTeX Warning: Reference `fig:reaction_overview' on page 2 undefined on input l
ine 187.

pdfTeX warning (ext4): destination with the same identifier (name{page.2}) has 
been already used, duplicate ignored
<to be read again> 
                   \relax 
l.213 
       [2]pdfTeX warning (ext4): destination with the same identifier (name{pag
e.3}) has been already used, duplicate ignored
<to be read again> 
                   \relax 
l.233 \item L
             ist all combinations of reactions that when taken out potential...
[3] (./reaction-overview1.pdftex_t
<reaction-overview1.pdf, id=187, 168.63pt x 130.4875pt>
File: reaction-overview1.pdf Graphic file (type pdf)

<use reaction-overview1.pdf>
Package pdftex.def Info: reaction-overview1.pdf used on input line 2.
(pdftex.def)             Requested size: 168.62958pt x 130.48717pt.
) [4 <./reaction-overview1.pdf>]
Package hyperref Info: bookmark level for unknown algorithm defaults to 0 on in
put line 284.
 [5] [6]
Chapter 3.
<Monod_3.png, id=215, 689.777pt x 404.712pt>
File: Monod_3.png Graphic file (type png)
 <use Monod_3.png>
Package pdftex.def Info: Monod_3.png used on input line 347.
(pdftex.def)             Requested size: 284.52756pt x 166.94576pt.
 [7

] [8 <./Monod_3.png>]

LaTeX Warning: Citation `franco2006model' on page 9 undefined on input line 392
.

[9]

Package hyperref Warning: Difference (2) between bookmark levels is greater 
(hyperref)                than one, level fixed on input line 418.

[10]
<independent_flask_ratios_low_mumaxe.png, id=274, 586.8324pt x 442.2924pt>
File: independent_flask_ratios_low_mumaxe.png Graphic file (type png)

<use independent_flask_ratios_low_mumaxe.png>
Package pdftex.def Info: independent_flask_ratios_low_mumaxe.png used on input 
line 484.
(pdftex.def)             Requested size: 284.52756pt x 214.45082pt.

<independent_flask_mus_low_mumaxe.png, id=279, 554.3109pt x 445.9059pt>
File: independent_flask_mus_low_mumaxe.png Graphic file (type png)

<use independent_flask_mus_low_mumaxe.png>
Package pdftex.def Info: independent_flask_mus_low_mumaxe.png used on input lin
e 493.
(pdftex.def)             Requested size: 284.52756pt x 228.89226pt.
 [11]
<independent_flask_ratios.png, id=306, 586.8324pt x 442.2924pt>
File: independent_flask_ratios.png Graphic file (type png)

<use independent_flask_ratios.png>
Package pdftex.def Info: independent_flask_ratios.png used on input line 522.
(pdftex.def)             Requested size: 284.52756pt x 214.45082pt.
 [12 <./independent_flask_ratios_low_mumaxe.png>] <independent_flask_mus.png, i
d=322, 586.8324pt x 442.2924pt>
File: independent_flask_mus.png Graphic file (type png)

<use independent_flask_mus.png>
Package pdftex.def Info: independent_flask_mus.png used on input line 533.
(pdftex.def)             Requested size: 284.52756pt x 214.45082pt.
 [13 <./independent_flask_mus_low_mumaxe.png> <./independent_flask_ratios.png>]

<ratios_interdependent_1.png, id=335, 632.3625pt x 442.2924pt>
File: ratios_interdependent_1.png Graphic file (type png)

<use ratios_interdependent_1.png>
Package pdftex.def Info: ratios_interdependent_1.png used on input line 566.
(pdftex.def)             Requested size: 284.52756pt x 199.00949pt.

<ratios_interdependent_2.png, id=340, 715.473pt x 442.2924pt>
File: ratios_interdependent_2.png Graphic file (type png)

<use ratios_interdependent_2.png>
Package pdftex.def Info: ratios_interdependent_2.png used on input line 574.
(pdftex.def)             Requested size: 284.52756pt x 175.888pt.

<ratios_interdependence_mus.png, id=345, 868.6854pt x 442.2924pt>
File: ratios_interdependence_mus.png Graphic file (type png)

<use ratios_interdependence_mus.png>
Package pdftex.def Info: ratios_interdependence_mus.png used on input line 583.

(pdftex.def)             Requested size: 284.52756pt x 144.87038pt.

<ratios_interdependent_muratio.png, id=350, 717.6411pt x 442.2924pt>
File: ratios_interdependent_muratio.png Graphic file (type png)

<use ratios_interdependent_muratio.png>
Package pdftex.def Info: ratios_interdependent_muratio.png used on input line 5
91.
(pdftex.def)             Requested size: 284.52756pt x 175.36159pt.
 [14 <./independent_flask_mus.png>]
<sub_dependent_turb_biomassex.png, id=368, 586.8324pt x 442.2924pt>
File: sub_dependent_turb_biomassex.png Graphic file (type png)

<use sub_dependent_turb_biomassex.png>
Package pdftex.def Info: sub_dependent_turb_biomassex.png used on input line 61
0.
(pdftex.def)             Requested size: 227.62204pt x 171.55525pt.

Overfull \hbox (9.95993pt too wide) in paragraph at lines 610--611
 [] 
 []

<total_biomass1.png, id=369, 586.8324pt x 442.2924pt>
File: total_biomass1.png Graphic file (type png)
 <use total_biomass1.png>
Package pdftex.def Info: total_biomass1.png used on input line 618.
(pdftex.def)             Requested size: 227.62204pt x 171.55525pt.

Overfull \hbox (9.95993pt too wide) in paragraph at lines 618--619
 [] 
 []

[15 <./ratios_interdependent_1.png> <./ratios_interdependent_2.png>]
<sub_dependent_turbidostat_bratio.png, id=383, 586.8324pt x 442.2924pt>
File: sub_dependent_turbidostat_bratio.png Graphic file (type png)

<use sub_dependent_turbidostat_bratio.png>
Package pdftex.def Info: sub_dependent_turbidostat_bratio.png used on input lin
e 646.
(pdftex.def)             Requested size: 284.52756pt x 214.45082pt.

<sub_dependent_turbidostat_muratio.png, id=390, 586.8324pt x 442.2924pt>
File: sub_dependent_turbidostat_muratio.png Graphic file (type png)

<use sub_dependent_turbidostat_muratio.png>
Package pdftex.def Info: sub_dependent_turbidostat_muratio.png used on input li
ne 656.
(pdftex.def)             Requested size: 284.52756pt x 214.45082pt.

<sub_dependent_turbidostat_mus.png, id=395, 738.5994pt x 442.2924pt>
File: sub_dependent_turbidostat_mus.png Graphic file (type png)

<use sub_dependent_turbidostat_mus.png>
Package pdftex.def Info: sub_dependent_turbidostat_mus.png used on input line 6
64.
(pdftex.def)             Requested size: 284.52756pt x 170.38095pt.
 [16 <./ratios_interdependence_mus.png> <./ratios_interdependent_muratio.png>] 
[17 <./sub_dependent_turb_biomassex.png> <./total_biomass1.png> <./sub_dependen
t_turbidostat_bratio.png>] [18 <./sub_dependent_turbidostat_muratio.png> <./sub
_dependent_turbidostat_mus.png>]
[19]
File: sub_dependent_turb_biomassex.png Graphic file (type png)
 <use sub_dependent_turb_biomassex.png>
Package pdftex.def Info: sub_dependent_turb_biomassex.png used on input line 89
8.
(pdftex.def)             Requested size: 213.39566pt x 160.83136pt.
File: total_biomass1.png Graphic file (type png)
 <use total_biomass1.png>
Package pdftex.def Info: total_biomass1.png used on input line 906.
(pdftex.def)             Requested size: 213.39566pt x 160.83136pt.

<S1.png, id=445, 617.9085pt x 480.5955pt>
File: S1.png Graphic file (type png)
 <use S1.png>
Package pdftex.def Info: S1.png used on input line 914.
(pdftex.def)             Requested size: 213.39566pt x 165.97429pt.

<S2.png, id=446, 586.8324pt x 442.2924pt>
File: S2.png Graphic file (type png)
 <use S2.png>
Package pdftex.def Info: S2.png used on input line 922.
(pdftex.def)             Requested size: 213.39566pt x 160.83136pt.
File: sub_dependent_turbidostat_bratio.png Graphic file (type png)

<use sub_dependent_turbidostat_bratio.png>
Package pdftex.def Info: sub_dependent_turbidostat_bratio.png used on input lin
e 930.
(pdftex.def)             Requested size: 213.39566pt x 160.83136pt.
File: sub_dependent_turbidostat_mus.png Graphic file (type png)

<use sub_dependent_turbidostat_mus.png>
Package pdftex.def Info: sub_dependent_turbidostat_mus.png used on input line 9
38.
(pdftex.def)             Requested size: 213.39566pt x 127.78233pt.
 [20] [21 <./S1.png> <./S2.png>]pdfTeX warning (ext4): destination with the sam
e identifier (name{page.1}) has been already used, duplicate ignored
<to be read again> 
                   \relax 
l.1006 \end{abstract}
                      [1]pdfTeX warning (ext4): destination with the same ident
ifier (name{page.1}) has been already used, duplicate ignored
<to be read again> 
                   \relax 
l.1030 \chapter
               {Discussion} [1]
Chapter 4.
pdfTeX warning (ext4): destination with the same identifier (name{page.2}) has 
been already used, duplicate ignored
<to be read again> 
                   \relax 
l.1036 \chapter
               {Acknowledgement} [2

]
Chapter 5.
Package atveryend Info: Empty hook `BeforeClearDocument' on input line 1038.
pdfTeX warning (ext4): destination with the same identifier (name{page.3}) has 
been already used, duplicate ignored
<to be read again> 
                   \relax 
l.1038 \end{document}
                      [3

]
Package atveryend Info: Empty hook `AfterLastShipout' on input line 1038.
 (./report.aux)
Package atveryend Info: Executing hook `AtVeryEndDocument' on input line 1038.
Package atveryend Info: Executing hook `AtEndAfterFileList' on input line 1038.

Package rerunfilecheck Info: File `report.out' has not changed.
(rerunfilecheck)             Checksum: 25C97AF9153F01B355CBA123702E2EEF;1960.


LaTeX Warning: There were undefined references.


LaTeX Warning: There were multiply-defined labels.

Package atveryend Info: Empty hook `AtVeryVeryEnd' on input line 1038.
 ) 
Here is how much of TeX's memory you used:
 9367 strings out of 493013
 138534 string characters out of 6139316
 244868 words of memory out of 5000000
 12627 multiletter control sequences out of 15000+600000
 24825 words of font info for 66 fonts, out of 8000000 for 9000
 1141 hyphenation exceptions out of 8191
 36i,12n,39p,1166b,460s stack positions out of 5000i,500n,10000p,200000b,80000s
{/usr/share/texmf-dist/fonts/enc/dvips/cm-super/cm-super-t1.enc}{/usr/share/t
exmf-dist/fonts/enc/dvips/cm-super/cm-super-ts1.enc}</usr/share/texmf-dist/font
s/type1/public/amsfonts/cm/cmmi10.pfb></usr/share/texmf-dist/fonts/type1/public
/amsfonts/cm/cmmi12.pfb></usr/share/texmf-dist/fonts/type1/public/amsfonts/cm/c
mmi6.pfb></usr/share/texmf-dist/fonts/type1/public/amsfonts/cm/cmmi8.pfb></usr/
share/texmf-dist/fonts/type1/public/amsfonts/cm/cmr10.pfb></usr/share/texmf-dis
t/fonts/type1/public/amsfonts/cm/cmr12.pfb></usr/share/texmf-dist/fonts/type1/p
ublic/amsfonts/cm/cmr6.pfb></usr/share/texmf-dist/fonts/type1/public/amsfonts/c
m/cmr8.pfb></usr/share/texmf-dist/fonts/type1/public/amsfonts/cm/cmsy10.pfb></u
sr/share/texmf-dist/fonts/type1/public/amsfonts/cm/cmsy8.pfb></usr/share/texmf-
dist/fonts/type1/public/cm-super/sfbx1200.pfb></usr/share/texmf-dist/fonts/type
1/public/cm-super/sfbx1440.pfb></usr/share/texmf-dist/fonts/type1/public/cm-sup
er/sfbx1728.pfb></usr/share/texmf-dist/fonts/type1/public/cm-super/sfbx2488.pfb
></usr/share/texmf-dist/fonts/type1/public/cm-super/sfcc1200.pfb></usr/share/te
xmf-dist/fonts/type1/public/cm-super/sfrm1000.pfb></usr/share/texmf-dist/fonts/
type1/public/cm-super/sfrm1095.pfb></usr/share/texmf-dist/fonts/type1/public/cm
-super/sfrm1200.pfb></usr/share/texmf-dist/fonts/type1/public/cm-super/sfrm1440
.pfb></usr/share/texmf-dist/fonts/type1/public/cm-super/sfrm2074.pfb></usr/shar
e/texmf-dist/fonts/type1/public/cm-super/sfti1095.pfb></usr/share/texmf-dist/fo
nts/type1/public/cm-super/sfti1200.pfb>
Output written on report.pdf (31 pages, 1332639 bytes).
PDF statistics:
 588 PDF objects out of 1000 (max. 8388607)
 463 compressed objects within 5 object streams
 138 named destinations out of 1000 (max. 500000)
 331 words of extra memory for PDF output out of 10000 (max. 10000000)

